<?xml version="1.0" encoding="UTF-8"?>
<!-- Generated by org.testng.reporters.JUnitReportReporter -->
<testsuite skipped="0" hostname="BSL-BNG-L183" name="com.selenium.framework.seleniumFrameworl.BrowserDriver" tests="1" failures="0" timestamp="17 Jul 2017 04:27:11 GMT" time="6.839" errors="0">
  <testcase name="BrowserLauncher" time="6.839" classname="com.selenium.framework.seleniumFrameworl.BrowserDriver"/>
</testsuite> <!-- com.selenium.framework.seleniumFrameworl.BrowserDriver -->
